<?xml version="1.0" encoding="UTF-8"?>
<!-- Generated by org.testng.reporters.JUnitReportReporter -->
<testsuite hostname="inlen8520084518" failures="0" tests="1" name="api.tests.testurl" time="2.939" errors="0" timestamp="2023-08-10T19:05:44 IST" skipped="0">
  <testcase classname="api.tests.testurl" name="getData" time="2.939"/>
</testsuite> <!-- api.tests.testurl -->
